2017-09-13 16:20:22,374 [main] INFO  org.mule.lifecycle.AbstractLifecycleManager - Initialising RegistryBroker
2017-09-13 16:20:22,782 [main] INFO  org.mule.config.spring.MuleArtifactContext - Refreshing org.mule.config.spring.MuleArtifactContext@2e8c1c9b: startup date [Wed Sep 13 16:20:22 BRT 2017]; root of context hierarchy
2017-09-13 16:20:24,862 [main] WARN  org.springframework.beans.factory.xml.XmlBeanDefinitionReader - Ignored XML validation warning
org.xml.sax.SAXParseException: schema_reference.4: Failed to read schema document 'http://www.mulesoft.org/schema/mule/http/current/mule-http.xsd', because 1) could not find the document; 2) the document could not be read; 3) the root element of the document is not <xsd:schema>.
	at com.sun.org.apache.xerces.internal.util.ErrorHandlerWrapper.createSAXParseException(ErrorHandlerWrapper.java:203) ~[?:1.8.0_112]
	at com.sun.org.apache.xerces.internal.util.ErrorHandlerWrapper.warning(ErrorHandlerWrapper.java:99) ~[?:1.8.0_112]
	at com.sun.org.apache.xerces.internal.impl.XMLErrorReporter.reportError(XMLErrorReporter.java:392) ~[?:1.8.0_112]
	at com.sun.org.apache.xerces.internal.impl.XMLErrorReporter.reportError(XMLErrorReporter.java:306) ~[?:1.8.0_112]
	at com.sun.org.apache.xerces.internal.impl.xs.traversers.XSDHandler.reportSchemaErr(XSDHandler.java:4160) ~[?:1.8.0_112]
	at com.sun.org.apache.xerces.internal.impl.xs.traversers.XSDHandler.reportSchemaWarning(XSDHandler.java:4151) ~[?:1.8.0_112]
	at com.sun.org.apache.xerces.internal.impl.xs.traversers.XSDHandler.getSchemaDocument1(XSDHandler.java:2493) ~[?:1.8.0_112]
	at com.sun.org.apache.xerces.internal.impl.xs.traversers.XSDHandler.getSchemaDocument(XSDHandler.java:2191) ~[?:1.8.0_112]
	at com.sun.org.apache.xerces.internal.impl.xs.traversers.XSDHandler.parseSchema(XSDHandler.java:576) ~[?:1.8.0_112]
	at com.sun.org.apache.xerces.internal.impl.xs.XMLSchemaLoader.loadSchema(XMLSchemaLoader.java:613) ~[?:1.8.0_112]
	at com.sun.org.apache.xerces.internal.impl.xs.XMLSchemaValidator.findSchemaGrammar(XMLSchemaValidator.java:2446) ~[?:1.8.0_112]
	at com.sun.org.apache.xerces.internal.impl.xs.XMLSchemaValidator.handleStartElement(XMLSchemaValidator.java:1767) ~[?:1.8.0_112]
	at com.sun.org.apache.xerces.internal.impl.xs.XMLSchemaValidator.emptyElement(XMLSchemaValidator.java:760) ~[?:1.8.0_112]
	at com.sun.org.apache.xerces.internal.impl.XMLNSDocumentScannerImpl.scanStartElement(XMLNSDocumentScannerImpl.java:351) ~[?:1.8.0_112]
	at com.sun.org.apache.xerces.internal.impl.XMLDocumentFragmentScannerImpl$FragmentContentDriver.next(XMLDocumentFragmentScannerImpl.java:2784) ~[?:1.8.0_112]
	at com.sun.org.apache.xerces.internal.impl.XMLDocumentScannerImpl.next(XMLDocumentScannerImpl.java:602) ~[?:1.8.0_112]
	at com.sun.org.apache.xerces.internal.impl.XMLNSDocumentScannerImpl.next(XMLNSDocumentScannerImpl.java:112) ~[?:1.8.0_112]
	at com.sun.org.apache.xerces.internal.impl.XMLDocumentFragmentScannerImpl.scanDocument(XMLDocumentFragmentScannerImpl.java:505) ~[?:1.8.0_112]
	at com.sun.org.apache.xerces.internal.parsers.XML11Configuration.parse(XML11Configuration.java:841) ~[?:1.8.0_112]
	at com.sun.org.apache.xerces.internal.parsers.XML11Configuration.parse(XML11Configuration.java:770) ~[?:1.8.0_112]
	at com.sun.org.apache.xerces.internal.parsers.XMLParser.parse(XMLParser.java:141) ~[?:1.8.0_112]
	at com.sun.org.apache.xerces.internal.parsers.DOMParser.parse(DOMParser.java:243) ~[?:1.8.0_112]
	at com.sun.org.apache.xerces.internal.jaxp.DocumentBuilderImpl.parse(DocumentBuilderImpl.java:339) ~[?:1.8.0_112]
	at org.springframework.beans.factory.xml.DefaultDocumentLoader.loadDocument(DefaultDocumentLoader.java:76) ~[spring-beans-4.1.9.RELEASE.jar:4.1.9.RELEASE]
	at org.mule.config.spring.MuleDocumentLoader.loadDocument(MuleDocumentLoader.java:91) ~[mule-module-spring-config-3.8.4.jar:3.8.4]
	at org.springframework.beans.factory.xml.XmlBeanDefinitionReader.doLoadDocument(XmlBeanDefinitionReader.java:429) ~[spring-beans-4.1.9.RELEASE.jar:4.1.9.RELEASE]
	at org.springframework.beans.factory.xml.XmlBeanDefinitionReader.doLoadBeanDefinitions(XmlBeanDefinitionReader.java:391) ~[spring-beans-4.1.9.RELEASE.jar:4.1.9.RELEASE]
	at org.springframework.beans.factory.xml.XmlBeanDefinitionReader.loadBeanDefinitions(XmlBeanDefinitionReader.java:336) ~[spring-beans-4.1.9.RELEASE.jar:4.1.9.RELEASE]
	at org.springframework.beans.factory.xml.XmlBeanDefinitionReader.loadBeanDefinitions(XmlBeanDefinitionReader.java:304) ~[spring-beans-4.1.9.RELEASE.jar:4.1.9.RELEASE]
	at org.springframework.beans.factory.support.AbstractBeanDefinitionReader.loadBeanDefinitions(AbstractBeanDefinitionReader.java:181) ~[spring-beans-4.1.9.RELEASE.jar:4.1.9.RELEASE]
	at org.mule.config.spring.MuleArtifactContext.loadBeanDefinitions(MuleArtifactContext.java:192) ~[mule-module-spring-config-3.8.4.jar:3.8.4]
	at org.springframework.context.support.AbstractRefreshableApplicationContext.refreshBeanFactory(AbstractRefreshableApplicationContext.java:129) ~[spring-context-4.1.9.RELEASE.jar:4.1.9.RELEASE]
	at org.springframework.context.support.AbstractApplicationContext.obtainFreshBeanFactory(AbstractApplicationContext.java:541) ~[spring-context-4.1.9.RELEASE.jar:4.1.9.RELEASE]
	at org.springframework.context.support.AbstractApplicationContext.refresh(AbstractApplicationContext.java:452) ~[spring-context-4.1.9.RELEASE.jar:4.1.9.RELEASE]
	at org.mule.config.spring.SpringRegistry.doInitialise(SpringRegistry.java:108) ~[mule-module-spring-config-3.8.4.jar:3.8.4]
	at org.mule.registry.AbstractRegistry.initialise(AbstractRegistry.java:104) ~[mule-core-3.8.4.jar:3.8.4]
	at org.mule.config.spring.SpringXmlConfigurationBuilder.createSpringRegistry(SpringXmlConfigurationBuilder.java:177) ~[mule-module-spring-config-3.8.4.jar:3.8.4]
	at org.mule.config.spring.SpringXmlConfigurationBuilder.doConfigure(SpringXmlConfigurationBuilder.java:100) ~[mule-module-spring-config-3.8.4.jar:3.8.4]
	at org.mule.config.builders.AbstractConfigurationBuilder.configure(AbstractConfigurationBuilder.java:43) ~[mule-core-3.8.4.jar:3.8.4]
	at org.mule.config.builders.AbstractResourceConfigurationBuilder.configure(AbstractResourceConfigurationBuilder.java:69) ~[mule-core-3.8.4.jar:3.8.4]
	at org.mule.context.DefaultMuleContextFactory$2.configure(DefaultMuleContextFactory.java:108) ~[mule-core-3.8.4.jar:3.8.4]
	at org.mule.context.DefaultMuleContextFactory.doCreateMuleContext(DefaultMuleContextFactory.java:222) ~[mule-core-3.8.4.jar:3.8.4]
	at org.mule.context.DefaultMuleContextFactory.createMuleContext(DefaultMuleContextFactory.java:103) ~[mule-core-3.8.4.jar:3.8.4]
	at org.mule.context.DefaultMuleContextFactory.createMuleContext(DefaultMuleContextFactory.java:62) ~[mule-core-3.8.4.jar:3.8.4]
	at anupam.Main.main(Main.java:15) ~[classes/:?]
	at sun.reflect.NativeMethodAccessorImpl.invoke0(Native Method) ~[?:1.8.0_112]
	at sun.reflect.NativeMethodAccessorImpl.invoke(NativeMethodAccessorImpl.java:62) ~[?:1.8.0_112]
	at sun.reflect.DelegatingMethodAccessorImpl.invoke(DelegatingMethodAccessorImpl.java:43) ~[?:1.8.0_112]
	at java.lang.reflect.Method.invoke(Method.java:498) ~[?:1.8.0_112]
	at com.intellij.rt.execution.application.AppMain.main(AppMain.java:147) ~[idea_rt.jar:?]
Caused by: java.io.FileNotFoundException: http://www.mulesoft.org/schema/mule/http/current/mule-http.xsd
	at sun.net.www.protocol.http.HttpURLConnection.getInputStream0(HttpURLConnection.java:1872) ~[?:1.8.0_112]
	at sun.net.www.protocol.http.HttpURLConnection.getInputStream(HttpURLConnection.java:1474) ~[?:1.8.0_112]
	at com.sun.org.apache.xerces.internal.impl.XMLEntityManager.setupCurrentEntity(XMLEntityManager.java:647) ~[?:1.8.0_112]
	at com.sun.org.apache.xerces.internal.impl.XMLVersionDetector.determineDocVersion(XMLVersionDetector.java:148) ~[?:1.8.0_112]
	at com.sun.org.apache.xerces.internal.impl.xs.opti.SchemaParsingConfig.parse(SchemaParsingConfig.java:582) ~[?:1.8.0_112]
	at com.sun.org.apache.xerces.internal.impl.xs.opti.SchemaParsingConfig.parse(SchemaParsingConfig.java:685) ~[?:1.8.0_112]
	at com.sun.org.apache.xerces.internal.impl.xs.opti.SchemaDOMParser.parse(SchemaDOMParser.java:530) ~[?:1.8.0_112]
	at com.sun.org.apache.xerces.internal.impl.xs.traversers.XSDHandler.getSchemaDocument(XSDHandler.java:2179) ~[?:1.8.0_112]
	... 42 more
2017-09-13 16:20:24,885 [main] INFO  org.mule.lifecycle.AbstractLifecycleManager - Disposing RegistryBroker
2017-09-13 16:24:41,564 [main] INFO  org.mule.lifecycle.AbstractLifecycleManager - Initialising RegistryBroker
2017-09-13 16:24:41,912 [main] INFO  org.mule.config.spring.MuleArtifactContext - Refreshing org.mule.config.spring.MuleArtifactContext@2e8c1c9b: startup date [Wed Sep 13 16:24:41 BRT 2017]; root of context hierarchy
2017-09-13 16:24:43,452 [main] WARN  org.springframework.beans.factory.xml.XmlBeanDefinitionReader - Ignored XML validation warning
org.xml.sax.SAXParseException: schema_reference.4: Failed to read schema document 'http://www.mulesoft.org/schema/mule/http/current/mule-http.xsd', because 1) could not find the document; 2) the document could not be read; 3) the root element of the document is not <xsd:schema>.
	at com.sun.org.apache.xerces.internal.util.ErrorHandlerWrapper.createSAXParseException(ErrorHandlerWrapper.java:203) ~[?:1.8.0_112]
	at com.sun.org.apache.xerces.internal.util.ErrorHandlerWrapper.warning(ErrorHandlerWrapper.java:99) ~[?:1.8.0_112]
	at com.sun.org.apache.xerces.internal.impl.XMLErrorReporter.reportError(XMLErrorReporter.java:392) ~[?:1.8.0_112]
	at com.sun.org.apache.xerces.internal.impl.XMLErrorReporter.reportError(XMLErrorReporter.java:306) ~[?:1.8.0_112]
	at com.sun.org.apache.xerces.internal.impl.xs.traversers.XSDHandler.reportSchemaErr(XSDHandler.java:4160) ~[?:1.8.0_112]
	at com.sun.org.apache.xerces.internal.impl.xs.traversers.XSDHandler.reportSchemaWarning(XSDHandler.java:4151) ~[?:1.8.0_112]
	at com.sun.org.apache.xerces.internal.impl.xs.traversers.XSDHandler.getSchemaDocument1(XSDHandler.java:2493) ~[?:1.8.0_112]
	at com.sun.org.apache.xerces.internal.impl.xs.traversers.XSDHandler.getSchemaDocument(XSDHandler.java:2191) ~[?:1.8.0_112]
	at com.sun.org.apache.xerces.internal.impl.xs.traversers.XSDHandler.parseSchema(XSDHandler.java:576) ~[?:1.8.0_112]
	at com.sun.org.apache.xerces.internal.impl.xs.XMLSchemaLoader.loadSchema(XMLSchemaLoader.java:613) ~[?:1.8.0_112]
	at com.sun.org.apache.xerces.internal.impl.xs.XMLSchemaValidator.findSchemaGrammar(XMLSchemaValidator.java:2446) ~[?:1.8.0_112]
	at com.sun.org.apache.xerces.internal.impl.xs.XMLSchemaValidator.handleStartElement(XMLSchemaValidator.java:1767) ~[?:1.8.0_112]
	at com.sun.org.apache.xerces.internal.impl.xs.XMLSchemaValidator.emptyElement(XMLSchemaValidator.java:760) ~[?:1.8.0_112]
	at com.sun.org.apache.xerces.internal.impl.XMLNSDocumentScannerImpl.scanStartElement(XMLNSDocumentScannerImpl.java:351) ~[?:1.8.0_112]
	at com.sun.org.apache.xerces.internal.impl.XMLDocumentFragmentScannerImpl$FragmentContentDriver.next(XMLDocumentFragmentScannerImpl.java:2784) ~[?:1.8.0_112]
	at com.sun.org.apache.xerces.internal.impl.XMLDocumentScannerImpl.next(XMLDocumentScannerImpl.java:602) ~[?:1.8.0_112]
	at com.sun.org.apache.xerces.internal.impl.XMLNSDocumentScannerImpl.next(XMLNSDocumentScannerImpl.java:112) ~[?:1.8.0_112]
	at com.sun.org.apache.xerces.internal.impl.XMLDocumentFragmentScannerImpl.scanDocument(XMLDocumentFragmentScannerImpl.java:505) ~[?:1.8.0_112]
	at com.sun.org.apache.xerces.internal.parsers.XML11Configuration.parse(XML11Configuration.java:841) ~[?:1.8.0_112]
	at com.sun.org.apache.xerces.internal.parsers.XML11Configuration.parse(XML11Configuration.java:770) ~[?:1.8.0_112]
	at com.sun.org.apache.xerces.internal.parsers.XMLParser.parse(XMLParser.java:141) ~[?:1.8.0_112]
	at com.sun.org.apache.xerces.internal.parsers.DOMParser.parse(DOMParser.java:243) ~[?:1.8.0_112]
	at com.sun.org.apache.xerces.internal.jaxp.DocumentBuilderImpl.parse(DocumentBuilderImpl.java:339) ~[?:1.8.0_112]
	at org.springframework.beans.factory.xml.DefaultDocumentLoader.loadDocument(DefaultDocumentLoader.java:76) ~[spring-beans-4.1.9.RELEASE.jar:4.1.9.RELEASE]
	at org.mule.config.spring.MuleDocumentLoader.loadDocument(MuleDocumentLoader.java:91) ~[mule-module-spring-config-3.8.4.jar:3.8.4]
	at org.springframework.beans.factory.xml.XmlBeanDefinitionReader.doLoadDocument(XmlBeanDefinitionReader.java:429) ~[spring-beans-4.1.9.RELEASE.jar:4.1.9.RELEASE]
	at org.springframework.beans.factory.xml.XmlBeanDefinitionReader.doLoadBeanDefinitions(XmlBeanDefinitionReader.java:391) ~[spring-beans-4.1.9.RELEASE.jar:4.1.9.RELEASE]
	at org.springframework.beans.factory.xml.XmlBeanDefinitionReader.loadBeanDefinitions(XmlBeanDefinitionReader.java:336) ~[spring-beans-4.1.9.RELEASE.jar:4.1.9.RELEASE]
	at org.springframework.beans.factory.xml.XmlBeanDefinitionReader.loadBeanDefinitions(XmlBeanDefinitionReader.java:304) ~[spring-beans-4.1.9.RELEASE.jar:4.1.9.RELEASE]
	at org.springframework.beans.factory.support.AbstractBeanDefinitionReader.loadBeanDefinitions(AbstractBeanDefinitionReader.java:181) ~[spring-beans-4.1.9.RELEASE.jar:4.1.9.RELEASE]
	at org.mule.config.spring.MuleArtifactContext.loadBeanDefinitions(MuleArtifactContext.java:192) ~[mule-module-spring-config-3.8.4.jar:3.8.4]
	at org.springframework.context.support.AbstractRefreshableApplicationContext.refreshBeanFactory(AbstractRefreshableApplicationContext.java:129) ~[spring-context-4.1.9.RELEASE.jar:4.1.9.RELEASE]
	at org.springframework.context.support.AbstractApplicationContext.obtainFreshBeanFactory(AbstractApplicationContext.java:541) ~[spring-context-4.1.9.RELEASE.jar:4.1.9.RELEASE]
	at org.springframework.context.support.AbstractApplicationContext.refresh(AbstractApplicationContext.java:452) ~[spring-context-4.1.9.RELEASE.jar:4.1.9.RELEASE]
	at org.mule.config.spring.SpringRegistry.doInitialise(SpringRegistry.java:108) ~[mule-module-spring-config-3.8.4.jar:3.8.4]
	at org.mule.registry.AbstractRegistry.initialise(AbstractRegistry.java:104) ~[mule-core-3.8.4.jar:3.8.4]
	at org.mule.config.spring.SpringXmlConfigurationBuilder.createSpringRegistry(SpringXmlConfigurationBuilder.java:177) ~[mule-module-spring-config-3.8.4.jar:3.8.4]
	at org.mule.config.spring.SpringXmlConfigurationBuilder.doConfigure(SpringXmlConfigurationBuilder.java:100) ~[mule-module-spring-config-3.8.4.jar:3.8.4]
	at org.mule.config.builders.AbstractConfigurationBuilder.configure(AbstractConfigurationBuilder.java:43) ~[mule-core-3.8.4.jar:3.8.4]
	at org.mule.config.builders.AbstractResourceConfigurationBuilder.configure(AbstractResourceConfigurationBuilder.java:69) ~[mule-core-3.8.4.jar:3.8.4]
	at org.mule.context.DefaultMuleContextFactory$2.configure(DefaultMuleContextFactory.java:108) ~[mule-core-3.8.4.jar:3.8.4]
	at org.mule.context.DefaultMuleContextFactory.doCreateMuleContext(DefaultMuleContextFactory.java:222) ~[mule-core-3.8.4.jar:3.8.4]
	at org.mule.context.DefaultMuleContextFactory.createMuleContext(DefaultMuleContextFactory.java:103) ~[mule-core-3.8.4.jar:3.8.4]
	at org.mule.context.DefaultMuleContextFactory.createMuleContext(DefaultMuleContextFactory.java:62) ~[mule-core-3.8.4.jar:3.8.4]
	at anupam.Main.main(Main.java:15) ~[classes/:?]
	at sun.reflect.NativeMethodAccessorImpl.invoke0(Native Method) ~[?:1.8.0_112]
	at sun.reflect.NativeMethodAccessorImpl.invoke(NativeMethodAccessorImpl.java:62) ~[?:1.8.0_112]
	at sun.reflect.DelegatingMethodAccessorImpl.invoke(DelegatingMethodAccessorImpl.java:43) ~[?:1.8.0_112]
	at java.lang.reflect.Method.invoke(Method.java:498) ~[?:1.8.0_112]
	at com.intellij.rt.execution.application.AppMain.main(AppMain.java:147) ~[idea_rt.jar:?]
Caused by: java.io.FileNotFoundException: http://www.mulesoft.org/schema/mule/http/current/mule-http.xsd
	at sun.net.www.protocol.http.HttpURLConnection.getInputStream0(HttpURLConnection.java:1872) ~[?:1.8.0_112]
	at sun.net.www.protocol.http.HttpURLConnection.getInputStream(HttpURLConnection.java:1474) ~[?:1.8.0_112]
	at com.sun.org.apache.xerces.internal.impl.XMLEntityManager.setupCurrentEntity(XMLEntityManager.java:647) ~[?:1.8.0_112]
	at com.sun.org.apache.xerces.internal.impl.XMLVersionDetector.determineDocVersion(XMLVersionDetector.java:148) ~[?:1.8.0_112]
	at com.sun.org.apache.xerces.internal.impl.xs.opti.SchemaParsingConfig.parse(SchemaParsingConfig.java:582) ~[?:1.8.0_112]
	at com.sun.org.apache.xerces.internal.impl.xs.opti.SchemaParsingConfig.parse(SchemaParsingConfig.java:685) ~[?:1.8.0_112]
	at com.sun.org.apache.xerces.internal.impl.xs.opti.SchemaDOMParser.parse(SchemaDOMParser.java:530) ~[?:1.8.0_112]
	at com.sun.org.apache.xerces.internal.impl.xs.traversers.XSDHandler.getSchemaDocument(XSDHandler.java:2179) ~[?:1.8.0_112]
	... 42 more
2017-09-13 16:24:43,472 [main] INFO  org.mule.lifecycle.AbstractLifecycleManager - Disposing RegistryBroker
2017-09-13 16:25:46,931 [main] INFO  org.mule.lifecycle.AbstractLifecycleManager - Initialising RegistryBroker
2017-09-13 16:25:47,257 [main] INFO  org.mule.config.spring.MuleArtifactContext - Refreshing org.mule.config.spring.MuleArtifactContext@2e8c1c9b: startup date [Wed Sep 13 16:25:47 BRT 2017]; root of context hierarchy
2017-09-13 16:25:48,889 [main] WARN  org.springframework.beans.factory.xml.XmlBeanDefinitionReader - Ignored XML validation warning
org.xml.sax.SAXParseException: schema_reference.4: Failed to read schema document 'http://www.mulesoft.org/schema/mule/http/current/mule-http.xsd', because 1) could not find the document; 2) the document could not be read; 3) the root element of the document is not <xsd:schema>.
	at com.sun.org.apache.xerces.internal.util.ErrorHandlerWrapper.createSAXParseException(ErrorHandlerWrapper.java:203) ~[?:1.8.0_112]
	at com.sun.org.apache.xerces.internal.util.ErrorHandlerWrapper.warning(ErrorHandlerWrapper.java:99) ~[?:1.8.0_112]
	at com.sun.org.apache.xerces.internal.impl.XMLErrorReporter.reportError(XMLErrorReporter.java:392) ~[?:1.8.0_112]
	at com.sun.org.apache.xerces.internal.impl.XMLErrorReporter.reportError(XMLErrorReporter.java:306) ~[?:1.8.0_112]
	at com.sun.org.apache.xerces.internal.impl.xs.traversers.XSDHandler.reportSchemaErr(XSDHandler.java:4160) ~[?:1.8.0_112]
	at com.sun.org.apache.xerces.internal.impl.xs.traversers.XSDHandler.reportSchemaWarning(XSDHandler.java:4151) ~[?:1.8.0_112]
	at com.sun.org.apache.xerces.internal.impl.xs.traversers.XSDHandler.getSchemaDocument1(XSDHandler.java:2493) ~[?:1.8.0_112]
	at com.sun.org.apache.xerces.internal.impl.xs.traversers.XSDHandler.getSchemaDocument(XSDHandler.java:2191) ~[?:1.8.0_112]
	at com.sun.org.apache.xerces.internal.impl.xs.traversers.XSDHandler.parseSchema(XSDHandler.java:576) ~[?:1.8.0_112]
	at com.sun.org.apache.xerces.internal.impl.xs.XMLSchemaLoader.loadSchema(XMLSchemaLoader.java:613) ~[?:1.8.0_112]
	at com.sun.org.apache.xerces.internal.impl.xs.XMLSchemaValidator.findSchemaGrammar(XMLSchemaValidator.java:2446) ~[?:1.8.0_112]
	at com.sun.org.apache.xerces.internal.impl.xs.XMLSchemaValidator.handleStartElement(XMLSchemaValidator.java:1767) ~[?:1.8.0_112]
	at com.sun.org.apache.xerces.internal.impl.xs.XMLSchemaValidator.emptyElement(XMLSchemaValidator.java:760) ~[?:1.8.0_112]
	at com.sun.org.apache.xerces.internal.impl.XMLNSDocumentScannerImpl.scanStartElement(XMLNSDocumentScannerImpl.java:351) ~[?:1.8.0_112]
	at com.sun.org.apache.xerces.internal.impl.XMLDocumentFragmentScannerImpl$FragmentContentDriver.next(XMLDocumentFragmentScannerImpl.java:2784) ~[?:1.8.0_112]
	at com.sun.org.apache.xerces.internal.impl.XMLDocumentScannerImpl.next(XMLDocumentScannerImpl.java:602) ~[?:1.8.0_112]
	at com.sun.org.apache.xerces.internal.impl.XMLNSDocumentScannerImpl.next(XMLNSDocumentScannerImpl.java:112) ~[?:1.8.0_112]
	at com.sun.org.apache.xerces.internal.impl.XMLDocumentFragmentScannerImpl.scanDocument(XMLDocumentFragmentScannerImpl.java:505) ~[?:1.8.0_112]
	at com.sun.org.apache.xerces.internal.parsers.XML11Configuration.parse(XML11Configuration.java:841) ~[?:1.8.0_112]
	at com.sun.org.apache.xerces.internal.parsers.XML11Configuration.parse(XML11Configuration.java:770) ~[?:1.8.0_112]
	at com.sun.org.apache.xerces.internal.parsers.XMLParser.parse(XMLParser.java:141) ~[?:1.8.0_112]
	at com.sun.org.apache.xerces.internal.parsers.DOMParser.parse(DOMParser.java:243) ~[?:1.8.0_112]
	at com.sun.org.apache.xerces.internal.jaxp.DocumentBuilderImpl.parse(DocumentBuilderImpl.java:339) ~[?:1.8.0_112]
	at org.springframework.beans.factory.xml.DefaultDocumentLoader.loadDocument(DefaultDocumentLoader.java:76) ~[spring-beans-4.1.9.RELEASE.jar:4.1.9.RELEASE]
	at org.mule.config.spring.MuleDocumentLoader.loadDocument(MuleDocumentLoader.java:91) ~[mule-module-spring-config-3.8.4.jar:3.8.4]
	at org.springframework.beans.factory.xml.XmlBeanDefinitionReader.doLoadDocument(XmlBeanDefinitionReader.java:429) ~[spring-beans-4.1.9.RELEASE.jar:4.1.9.RELEASE]
	at org.springframework.beans.factory.xml.XmlBeanDefinitionReader.doLoadBeanDefinitions(XmlBeanDefinitionReader.java:391) ~[spring-beans-4.1.9.RELEASE.jar:4.1.9.RELEASE]
	at org.springframework.beans.factory.xml.XmlBeanDefinitionReader.loadBeanDefinitions(XmlBeanDefinitionReader.java:336) ~[spring-beans-4.1.9.RELEASE.jar:4.1.9.RELEASE]
	at org.springframework.beans.factory.xml.XmlBeanDefinitionReader.loadBeanDefinitions(XmlBeanDefinitionReader.java:304) ~[spring-beans-4.1.9.RELEASE.jar:4.1.9.RELEASE]
	at org.springframework.beans.factory.support.AbstractBeanDefinitionReader.loadBeanDefinitions(AbstractBeanDefinitionReader.java:181) ~[spring-beans-4.1.9.RELEASE.jar:4.1.9.RELEASE]
	at org.mule.config.spring.MuleArtifactContext.loadBeanDefinitions(MuleArtifactContext.java:192) ~[mule-module-spring-config-3.8.4.jar:3.8.4]
	at org.springframework.context.support.AbstractRefreshableApplicationContext.refreshBeanFactory(AbstractRefreshableApplicationContext.java:129) ~[spring-context-4.1.9.RELEASE.jar:4.1.9.RELEASE]
	at org.springframework.context.support.AbstractApplicationContext.obtainFreshBeanFactory(AbstractApplicationContext.java:541) ~[spring-context-4.1.9.RELEASE.jar:4.1.9.RELEASE]
	at org.springframework.context.support.AbstractApplicationContext.refresh(AbstractApplicationContext.java:452) ~[spring-context-4.1.9.RELEASE.jar:4.1.9.RELEASE]
	at org.mule.config.spring.SpringRegistry.doInitialise(SpringRegistry.java:108) ~[mule-module-spring-config-3.8.4.jar:3.8.4]
	at org.mule.registry.AbstractRegistry.initialise(AbstractRegistry.java:104) ~[mule-core-3.8.4.jar:3.8.4]
	at org.mule.config.spring.SpringXmlConfigurationBuilder.createSpringRegistry(SpringXmlConfigurationBuilder.java:177) ~[mule-module-spring-config-3.8.4.jar:3.8.4]
	at org.mule.config.spring.SpringXmlConfigurationBuilder.doConfigure(SpringXmlConfigurationBuilder.java:100) ~[mule-module-spring-config-3.8.4.jar:3.8.4]
	at org.mule.config.builders.AbstractConfigurationBuilder.configure(AbstractConfigurationBuilder.java:43) ~[mule-core-3.8.4.jar:3.8.4]
	at org.mule.config.builders.AbstractResourceConfigurationBuilder.configure(AbstractResourceConfigurationBuilder.java:69) ~[mule-core-3.8.4.jar:3.8.4]
	at org.mule.context.DefaultMuleContextFactory$2.configure(DefaultMuleContextFactory.java:108) ~[mule-core-3.8.4.jar:3.8.4]
	at org.mule.context.DefaultMuleContextFactory.doCreateMuleContext(DefaultMuleContextFactory.java:222) ~[mule-core-3.8.4.jar:3.8.4]
	at org.mule.context.DefaultMuleContextFactory.createMuleContext(DefaultMuleContextFactory.java:103) ~[mule-core-3.8.4.jar:3.8.4]
	at org.mule.context.DefaultMuleContextFactory.createMuleContext(DefaultMuleContextFactory.java:62) ~[mule-core-3.8.4.jar:3.8.4]
	at anupam.Main.main(Main.java:15) ~[classes/:?]
	at sun.reflect.NativeMethodAccessorImpl.invoke0(Native Method) ~[?:1.8.0_112]
	at sun.reflect.NativeMethodAccessorImpl.invoke(NativeMethodAccessorImpl.java:62) ~[?:1.8.0_112]
	at sun.reflect.DelegatingMethodAccessorImpl.invoke(DelegatingMethodAccessorImpl.java:43) ~[?:1.8.0_112]
	at java.lang.reflect.Method.invoke(Method.java:498) ~[?:1.8.0_112]
	at com.intellij.rt.execution.application.AppMain.main(AppMain.java:147) ~[idea_rt.jar:?]
Caused by: java.io.FileNotFoundException: http://www.mulesoft.org/schema/mule/http/current/mule-http.xsd
	at sun.net.www.protocol.http.HttpURLConnection.getInputStream0(HttpURLConnection.java:1872) ~[?:1.8.0_112]
	at sun.net.www.protocol.http.HttpURLConnection.getInputStream(HttpURLConnection.java:1474) ~[?:1.8.0_112]
	at com.sun.org.apache.xerces.internal.impl.XMLEntityManager.setupCurrentEntity(XMLEntityManager.java:647) ~[?:1.8.0_112]
	at com.sun.org.apache.xerces.internal.impl.XMLVersionDetector.determineDocVersion(XMLVersionDetector.java:148) ~[?:1.8.0_112]
	at com.sun.org.apache.xerces.internal.impl.xs.opti.SchemaParsingConfig.parse(SchemaParsingConfig.java:582) ~[?:1.8.0_112]
	at com.sun.org.apache.xerces.internal.impl.xs.opti.SchemaParsingConfig.parse(SchemaParsingConfig.java:685) ~[?:1.8.0_112]
	at com.sun.org.apache.xerces.internal.impl.xs.opti.SchemaDOMParser.parse(SchemaDOMParser.java:530) ~[?:1.8.0_112]
	at com.sun.org.apache.xerces.internal.impl.xs.traversers.XSDHandler.getSchemaDocument(XSDHandler.java:2179) ~[?:1.8.0_112]
	... 42 more
2017-09-13 16:25:48,910 [main] INFO  org.mule.lifecycle.AbstractLifecycleManager - Disposing RegistryBroker
2017-09-13 17:08:35,225 [main] INFO  org.mule.lifecycle.AbstractLifecycleManager - Initialising RegistryBroker
2017-09-13 17:08:35,502 [main] INFO  org.mule.config.spring.MuleArtifactContext - Refreshing org.mule.config.spring.MuleArtifactContext@1b1426f4: startup date [Wed Sep 13 17:08:35 BRT 2017]; root of context hierarchy
2017-09-13 17:08:37,754 [main] WARN  org.springframework.beans.factory.xml.XmlBeanDefinitionReader - Ignored XML validation warning
org.xml.sax.SAXParseException: schema_reference.4: Failed to read schema document 'http://www.mulesoft.org/schema/mule/api-platform-gw/current/mule-api-platform-gw.xsd', because 1) could not find the document; 2) the document could not be read; 3) the root element of the document is not <xsd:schema>.
	at com.sun.org.apache.xerces.internal.util.ErrorHandlerWrapper.createSAXParseException(ErrorHandlerWrapper.java:203) ~[?:1.8.0_112]
	at com.sun.org.apache.xerces.internal.util.ErrorHandlerWrapper.warning(ErrorHandlerWrapper.java:99) ~[?:1.8.0_112]
	at com.sun.org.apache.xerces.internal.impl.XMLErrorReporter.reportError(XMLErrorReporter.java:392) ~[?:1.8.0_112]
	at com.sun.org.apache.xerces.internal.impl.XMLErrorReporter.reportError(XMLErrorReporter.java:306) ~[?:1.8.0_112]
	at com.sun.org.apache.xerces.internal.impl.xs.traversers.XSDHandler.reportSchemaErr(XSDHandler.java:4160) ~[?:1.8.0_112]
	at com.sun.org.apache.xerces.internal.impl.xs.traversers.XSDHandler.reportSchemaWarning(XSDHandler.java:4151) ~[?:1.8.0_112]
	at com.sun.org.apache.xerces.internal.impl.xs.traversers.XSDHandler.getSchemaDocument1(XSDHandler.java:2493) ~[?:1.8.0_112]
	at com.sun.org.apache.xerces.internal.impl.xs.traversers.XSDHandler.getSchemaDocument(XSDHandler.java:2191) ~[?:1.8.0_112]
	at com.sun.org.apache.xerces.internal.impl.xs.traversers.XSDHandler.parseSchema(XSDHandler.java:576) ~[?:1.8.0_112]
	at com.sun.org.apache.xerces.internal.impl.xs.XMLSchemaLoader.loadSchema(XMLSchemaLoader.java:613) ~[?:1.8.0_112]
	at com.sun.org.apache.xerces.internal.impl.xs.XMLSchemaValidator.findSchemaGrammar(XMLSchemaValidator.java:2446) ~[?:1.8.0_112]
	at com.sun.org.apache.xerces.internal.impl.xs.XMLSchemaValidator.handleStartElement(XMLSchemaValidator.java:1767) ~[?:1.8.0_112]
	at com.sun.org.apache.xerces.internal.impl.xs.XMLSchemaValidator.emptyElement(XMLSchemaValidator.java:760) ~[?:1.8.0_112]
	at com.sun.org.apache.xerces.internal.impl.XMLNSDocumentScannerImpl.scanStartElement(XMLNSDocumentScannerImpl.java:351) ~[?:1.8.0_112]
	at com.sun.org.apache.xerces.internal.impl.XMLDocumentFragmentScannerImpl$FragmentContentDriver.next(XMLDocumentFragmentScannerImpl.java:2784) ~[?:1.8.0_112]
	at com.sun.org.apache.xerces.internal.impl.XMLDocumentScannerImpl.next(XMLDocumentScannerImpl.java:602) ~[?:1.8.0_112]
	at com.sun.org.apache.xerces.internal.impl.XMLNSDocumentScannerImpl.next(XMLNSDocumentScannerImpl.java:112) ~[?:1.8.0_112]
	at com.sun.org.apache.xerces.internal.impl.XMLDocumentFragmentScannerImpl.scanDocument(XMLDocumentFragmentScannerImpl.java:505) ~[?:1.8.0_112]
	at com.sun.org.apache.xerces.internal.parsers.XML11Configuration.parse(XML11Configuration.java:841) ~[?:1.8.0_112]
	at com.sun.org.apache.xerces.internal.parsers.XML11Configuration.parse(XML11Configuration.java:770) ~[?:1.8.0_112]
	at com.sun.org.apache.xerces.internal.parsers.XMLParser.parse(XMLParser.java:141) ~[?:1.8.0_112]
	at com.sun.org.apache.xerces.internal.parsers.DOMParser.parse(DOMParser.java:243) ~[?:1.8.0_112]
	at com.sun.org.apache.xerces.internal.jaxp.DocumentBuilderImpl.parse(DocumentBuilderImpl.java:339) ~[?:1.8.0_112]
	at org.springframework.beans.factory.xml.DefaultDocumentLoader.loadDocument(DefaultDocumentLoader.java:76) ~[spring-beans-4.1.6.RELEASE.jar:4.1.6.RELEASE]
	at org.springframework.beans.factory.xml.XmlBeanDefinitionReader.doLoadDocument(XmlBeanDefinitionReader.java:429) ~[spring-beans-4.1.6.RELEASE.jar:4.1.6.RELEASE]
	at org.springframework.beans.factory.xml.XmlBeanDefinitionReader.doLoadBeanDefinitions(XmlBeanDefinitionReader.java:391) ~[spring-beans-4.1.6.RELEASE.jar:4.1.6.RELEASE]
	at org.springframework.beans.factory.xml.XmlBeanDefinitionReader.loadBeanDefinitions(XmlBeanDefinitionReader.java:336) ~[spring-beans-4.1.6.RELEASE.jar:4.1.6.RELEASE]
	at org.springframework.beans.factory.xml.XmlBeanDefinitionReader.loadBeanDefinitions(XmlBeanDefinitionReader.java:304) ~[spring-beans-4.1.6.RELEASE.jar:4.1.6.RELEASE]
	at org.springframework.beans.factory.support.AbstractBeanDefinitionReader.loadBeanDefinitions(AbstractBeanDefinitionReader.java:181) ~[spring-beans-4.1.6.RELEASE.jar:4.1.6.RELEASE]
	at org.mule.config.spring.MuleArtifactContext.loadBeanDefinitions(MuleArtifactContext.java:191) ~[mule-module-spring-config-3.7.0.jar:3.7.0]
	at org.springframework.context.support.AbstractRefreshableApplicationContext.refreshBeanFactory(AbstractRefreshableApplicationContext.java:129) ~[spring-context-4.1.6.RELEASE.jar:4.1.6.RELEASE]
	at org.springframework.context.support.AbstractApplicationContext.obtainFreshBeanFactory(AbstractApplicationContext.java:537) ~[spring-context-4.1.6.RELEASE.jar:4.1.6.RELEASE]
	at org.springframework.context.support.AbstractApplicationContext.refresh(AbstractApplicationContext.java:452) ~[spring-context-4.1.6.RELEASE.jar:4.1.6.RELEASE]
	at org.mule.config.spring.SpringRegistry.doInitialise(SpringRegistry.java:108) ~[mule-module-spring-config-3.7.0.jar:3.7.0]
	at org.mule.registry.AbstractRegistry.initialise(AbstractRegistry.java:104) ~[mule-core-3.7.0.jar:3.7.0]
	at org.mule.config.spring.SpringXmlConfigurationBuilder.createSpringRegistry(SpringXmlConfigurationBuilder.java:172) ~[mule-module-spring-config-3.7.0.jar:3.7.0]
	at org.mule.config.spring.SpringXmlConfigurationBuilder.doConfigure(SpringXmlConfigurationBuilder.java:95) ~[mule-module-spring-config-3.7.0.jar:3.7.0]
	at org.mule.config.builders.AbstractConfigurationBuilder.configure(AbstractConfigurationBuilder.java:43) ~[mule-core-3.7.0.jar:3.7.0]
	at org.mule.config.builders.AbstractResourceConfigurationBuilder.configure(AbstractResourceConfigurationBuilder.java:69) ~[mule-core-3.7.0.jar:3.7.0]
	at org.mule.context.DefaultMuleContextFactory$2.configure(DefaultMuleContextFactory.java:108) ~[mule-core-3.7.0.jar:3.7.0]
	at org.mule.context.DefaultMuleContextFactory.doCreateMuleContext(DefaultMuleContextFactory.java:222) ~[mule-core-3.7.0.jar:3.7.0]
	at org.mule.context.DefaultMuleContextFactory.createMuleContext(DefaultMuleContextFactory.java:103) ~[mule-core-3.7.0.jar:3.7.0]
	at org.mule.context.DefaultMuleContextFactory.createMuleContext(DefaultMuleContextFactory.java:62) ~[mule-core-3.7.0.jar:3.7.0]
	at main.Main.main(Main.java:15) ~[classes/:?]
	at sun.reflect.NativeMethodAccessorImpl.invoke0(Native Method) ~[?:1.8.0_112]
	at sun.reflect.NativeMethodAccessorImpl.invoke(NativeMethodAccessorImpl.java:62) ~[?:1.8.0_112]
	at sun.reflect.DelegatingMethodAccessorImpl.invoke(DelegatingMethodAccessorImpl.java:43) ~[?:1.8.0_112]
	at java.lang.reflect.Method.invoke(Method.java:498) ~[?:1.8.0_112]
	at com.intellij.rt.execution.application.AppMain.main(AppMain.java:147) ~[idea_rt.jar:?]
Caused by: java.io.FileNotFoundException: http://www.mulesoft.org/schema/mule/api-platform-gw/current/mule-api-platform-gw.xsd
	at sun.net.www.protocol.http.HttpURLConnection.getInputStream0(HttpURLConnection.java:1872) ~[?:1.8.0_112]
	at sun.net.www.protocol.http.HttpURLConnection.getInputStream(HttpURLConnection.java:1474) ~[?:1.8.0_112]
	at com.sun.org.apache.xerces.internal.impl.XMLEntityManager.setupCurrentEntity(XMLEntityManager.java:647) ~[?:1.8.0_112]
	at com.sun.org.apache.xerces.internal.impl.XMLVersionDetector.determineDocVersion(XMLVersionDetector.java:148) ~[?:1.8.0_112]
	at com.sun.org.apache.xerces.internal.impl.xs.opti.SchemaParsingConfig.parse(SchemaParsingConfig.java:582) ~[?:1.8.0_112]
	at com.sun.org.apache.xerces.internal.impl.xs.opti.SchemaParsingConfig.parse(SchemaParsingConfig.java:685) ~[?:1.8.0_112]
	at com.sun.org.apache.xerces.internal.impl.xs.opti.SchemaDOMParser.parse(SchemaDOMParser.java:530) ~[?:1.8.0_112]
	at com.sun.org.apache.xerces.internal.impl.xs.traversers.XSDHandler.getSchemaDocument(XSDHandler.java:2179) ~[?:1.8.0_112]
	... 41 more
2017-09-13 17:08:37,772 [main] INFO  org.mule.lifecycle.AbstractLifecycleManager - Disposing RegistryBroker
